InsultClient,25,1,0.0348
FilterClient,25,1,0.0092
InsultClient,25,2,0.0125
FilterClient,25,2,0.0053
InsultClient,25,3,0.0134
FilterClient,25,3,0.0079
InsultClient,25,4,0.0153
FilterClient,25,4,0.0077
InsultClient,25,5,0.0146
FilterClient,25,5,0.0079
InsultClient,25,6,0.0145
FilterClient,25,6,0.0129
InsultClient,25,7,0.0155
FilterClient,25,7,0.0086
InsultClient,100,1,0.0617
FilterClient,100,1,0.0416
InsultClient,100,2,0.0374
FilterClient,100,2,0.0181
InsultClient,100,3,0.0322
FilterClient,100,3,0.0158
InsultClient,100,4,0.0268
FilterClient,100,4,0.0187
InsultClient,100,5,0.0557
FilterClient,100,5,0.0245
InsultClient,100,6,0.0332
FilterClient,100,6,0.0201
InsultClient,100,7,0.0353
FilterClient,100,7,0.0203
InsultClient,200,1,0.0995
FilterClient,200,1,0.1183
InsultClient,200,2,0.0602
FilterClient,200,2,0.0471
InsultClient,200,3,0.0638
FilterClient,200,3,0.0378
InsultClient,200,4,0.0608
FilterClient,200,4,0.0360
InsultClient,200,5,0.0594
FilterClient,200,5,0.0433
InsultClient,200,6,0.0847
FilterClient,200,6,0.0476
InsultClient,200,7,0.0887
FilterClient,200,7,0.0449
InsultClient,700,1,0.4337
FilterClient,700,1,0.9945
InsultClient,700,2,0.2104
FilterClient,700,2,0.2842
InsultClient,700,3,0.1823
FilterClient,700,3,0.1539
InsultClient,700,4,0.1997
FilterClient,700,4,0.1364
InsultClient,700,5,0.3437
FilterClient,700,5,0.1770
InsultClient,700,6,0.2627
FilterClient,700,6,0.1726
InsultClient,700,7,0.1882
FilterClient,700,7,0.1319
InsultClient,1500,1,0.8197
FilterClient,1500,1,4.0451
InsultClient,1500,2,0.5954
FilterClient,1500,2,1.2830
InsultClient,1500,3,0.4408
FilterClient,1500,3,0.7259
InsultClient,1500,4,0.3793
FilterClient,1500,4,0.3224
InsultClient,1500,5,0.3981
FilterClient,1500,5,0.3230
InsultClient,1500,6,0.4117
FilterClient,1500,6,0.3267
InsultClient,1500,7,0.3821
FilterClient,1500,7,0.3755
InsultClient,3000,1,1.7692
FilterClient,3000,1,16.4859
InsultClient,3000,2,0.9559
FilterClient,3000,2,3.0392
InsultClient,3000,3,0.7673
FilterClient,3000,3,1.2775
InsultClient,3000,4,0.9697
FilterClient,3000,4,0.8831
InsultClient,3000,5,0.7787
FilterClient,3000,5,0.8990
InsultClient,3000,6,0.8216
FilterClient,3000,6,0.9956
InsultClient,3000,7,1.0351
FilterClient,3000,7,0.7381
