InsultClient,1,25,0.4434
FilterClient,1,25,0.3576
InsultClient,4,25,0.4704
FilterClient,4,25,0.3329
InsultClient,7,25,0.3439
FilterClient,7,25,0.3621
InsultClient,10,25,0.3393
FilterClient,10,25,0.3810
InsultClient,1,200,2.2430
FilterClient,1,200,1.9621
InsultClient,4,200,1.9339
FilterClient,4,200,2.0329
InsultClient,7,200,2.5456
FilterClient,7,200,2.0273
InsultClient,10,200,2.3214
FilterClient,10,200,1.9272
InsultClient,1,700,6.9849
FilterClient,1,700,6.6993
InsultClient,4,700,6.8011
FilterClient,4,700,7.1116
InsultClient,7,700,7.1195
FilterClient,7,700,7.0743
InsultClient,10,700,7.1808
FilterClient,10,700,7.1658
InsultClient,1,1500,15.2314
FilterClient,1,1500,14.3254
InsultClient,4,1500,14.4018
FilterClient,4,1500,16.2337
InsultClient,7,1500,15.4423
FilterClient,7,1500,15.6441
InsultClient,10,1500,14.4975
FilterClient,10,1500,13.8720
InsultClient,1,3000,30.0501
FilterClient,1,3000,28.1756
InsultClient,4,3000,27.9425
FilterClient,4,3000,18.0451
InsultClient,7,3000,13.3490
FilterClient,7,3000,12.9366
InsultClient,10,3000,14.0431
FilterClient,10,3000,13.6381
InsultClient,1,7000,27.2149
FilterClient,1,7000,26.5767
InsultClient,4,7000,26.2727
FilterClient,4,7000,25.8718
InsultClient,7,7000,26.2170
FilterClient,7,7000,26.2280
InsultClient,10,7000,26.2281
FilterClient,10,7000,25.9622
InsultClient,1,12000,42.6644
FilterClient,1,12000,42.7201
InsultClient,4,12000,43.0998
FilterClient,4,12000,42.9831
InsultClient,7,12000,42.8452
FilterClient,7,12000,42.0945
InsultClient,10,12000,44.2613
FilterClient,10,12000,42.0540
InsultClient,1,20000,68.5297
FilterClient,1,20000,69.3478
InsultClient,4,20000,68.4721
FilterClient,4,20000,67.9215
InsultClient,7,20000,69.8637
FilterClient,7,20000,70.7334
InsultClient,10,20000,70.1664
FilterClient,10,20000,67.5185
InsultClient,1,50000,164.9467
FilterClient,1,50000,163.9634
InsultClient,4,50000,165.3613
FilterClient,4,50000,162.7192
InsultClient,7,50000,165.9449
FilterClient,7,50000,164.3408
InsultClient,10,50000,164.6000
FilterClient,10,50000,163.2738
InsultClient,1,100000,325.6646
FilterClient,1,100000,325.4518
InsultClient,4,100000,326.3391
FilterClient,4,100000,322.4209
InsultClient,7,100000,324.3837
FilterClient,7,100000,321.9875
InsultClient,10,100000,325.1940
FilterClient,10,100000,323.5429
