InsultClient,25,1,1.4938
FilterClient,25,1,1.6281
InsultClient,25,2,0.9502
FilterClient,25,2,0.9797
InsultClient,25,3,0.7468
FilterClient,25,3,0.7896
InsultClient,25,4,0.6545
FilterClient,25,4,0.6279
InsultClient,25,5,0.4115
FilterClient,25,5,0.5058
InsultClient,25,6,0.4766
FilterClient,25,6,0.4942
InsultClient,25,7,0.4161
FilterClient,25,7,0.4632
InsultClient,100,1,5.3409
FilterClient,100,1,5.8718
InsultClient,100,2,2.8480
FilterClient,100,2,3.1871
InsultClient,100,3,2.0498
FilterClient,100,3,2.1350
InsultClient,100,4,1.6202
FilterClient,100,4,1.6545
InsultClient,100,5,1.3664
FilterClient,100,5,1.3866
InsultClient,100,6,1.2139
FilterClient,100,6,1.2074
InsultClient,100,7,1.0496
FilterClient,100,7,1.1078
InsultClient,200,1,10.7063
FilterClient,200,1,11.7391
InsultClient,200,2,5.4834
FilterClient,200,2,5.9931
InsultClient,200,3,3.9650
FilterClient,200,3,3.9257
InsultClient,200,4,3.0938
FilterClient,200,4,3.0352
InsultClient,200,5,2.4963
FilterClient,200,5,2.4115
InsultClient,200,6,2.1573
FilterClient,200,6,2.1805
InsultClient,200,7,1.8327
FilterClient,200,7,1.8769
InsultClient,700,1,36.1100
FilterClient,700,1,42.8942
InsultClient,700,2,19.6660
FilterClient,700,2,21.5329
InsultClient,700,3,12.9409
FilterClient,700,3,14.2507
InsultClient,700,4,10.1750
FilterClient,700,4,10.5798
InsultClient,700,5,8.2933
FilterClient,700,5,8.6980
InsultClient,700,6,6.8882
FilterClient,700,6,7.4954
InsultClient,700,7,5.1424
FilterClient,700,7,5.1725
InsultClient,1500,1,75.3109
FilterClient,1500,1,97.0327
InsultClient,1500,2,41.7358
FilterClient,1500,2,49.4349
InsultClient,1500,3,28.5163
FilterClient,1500,3,32.7255
InsultClient,1500,4,21.7796
FilterClient,1500,4,24.4274
InsultClient,1500,5,17.4191
FilterClient,1500,5,19.2895
InsultClient,1500,6,14.5232
FilterClient,1500,6,16.4911
InsultClient,1500,7,12.2662
FilterClient,1500,7,13.6621
InsultClient,3000,1,162.5452
FilterClient,3000,1,227.8979
InsultClient,3000,2,78.5092
FilterClient,3000,2,93.0188
InsultClient,3000,3,54.2477
FilterClient,3000,3,60.5747
InsultClient,3000,4,39.9791
FilterClient,3000,4,44.7170
InsultClient,3000,5,34.0972
FilterClient,3000,5,35.5938
InsultClient,3000,6,28.1348
FilterClient,3000,6,30.0571
InsultClient,3000,7,24.3191
FilterClient,3000,7,25.6295
