1747671911.9858897,Los CENSURADOs no saben programar
1747671911.9858897,Los CENSURADOs no saben programar
1747671911.9858897,Qué CENSURADO eres
1747671911.9858897,Qué CENSURADO eres
1747671911.9858897,Qué CENSURADO eres
1747671911.9858897,Qué CENSURADO eres
1747671911.9858897,Qué CENSURADO eres
1747671911.9858897,Qué CENSURADO eres
1747671911.9858897,Qué CENSURADO eres
1747671911.9858897,Eres un CENSURADO y un CENSURADO
1747671911.9858897,Vaya comportamiento más CENSURADO
1747671911.9858897,Eres un CENSURADO y un CENSURADO
1747671911.9858897,Deja de ser tan CENSURADO
1747671911.9858897,Qué CENSURADO eres
1747671911.9858897,Vaya comportamiento más CENSURADO
1747671911.9858897,Eres un CENSURADO y un CENSURADO
1747671911.9858897,Qué CENSURADO eres
1747671911.9858897,Eres un CENSURADO y un CENSURADO
1747671911.9858897,Qué CENSURADO eres
1747671911.9858897,Qué CENSURADO eres
1747671911.9858897,Qué CENSURADO eres
1747671911.9858897,Vaya comportamiento más CENSURADO
1747671911.9858897,Los CENSURADOs no saben programar
1747671911.9858897,Vaya comportamiento más CENSURADO
1747671911.9858897,Deja de ser tan CENSURADO
1747671929.4567847,Los CENSURADOs no saben programar
1747671929.4567847,Los CENSURADOs no saben programar
1747671929.4578679,Los CENSURADOs no saben programar
1747671929.4578679,Deja de ser tan CENSURADO
1747671929.4578679,Deja de ser tan CENSURADO
1747671929.459171,Deja de ser tan CENSURADO
1747671929.459171,Deja de ser tan CENSURADO
1747671929.4601824,Vaya comportamiento más CENSURADO
1747671929.4601824,Eres un CENSURADO y un CENSURADO
1747671929.4601824,Qué CENSURADO eres
1747671929.4601824,Qué CENSURADO eres
1747671929.4611773,Qué CENSURADO eres
1747671929.4611773,Los CENSURADOs no saben programar
1747671929.4621768,Los CENSURADOs no saben programar
1747671929.4621768,Los CENSURADOs no saben programar
1747671929.4631774,Vaya comportamiento más CENSURADO
1747671929.4631774,Deja de ser tan CENSURADO
1747671929.4631774,Los CENSURADOs no saben programar
1747671929.4631774,Qué CENSURADO eres
1747671929.4631774,Deja de ser tan CENSURADO
1747671929.4646823,Deja de ser tan CENSURADO
1747671929.4646823,Vaya comportamiento más CENSURADO
1747671929.4646823,Los CENSURADOs no saben programar
1747671929.4656894,Qué CENSURADO eres
1747671929.4656894,Los CENSURADOs no saben programar
1747671929.4676876,Eres un CENSURADO y un CENSURADO
1747671929.4686868,Deja de ser tan CENSURADO
1747671929.4686868,Deja de ser tan CENSURADO
1747671929.4686868,Vaya comportamiento más CENSURADO
1747671929.4686868,Deja de ser tan CENSURADO
1747671929.4699578,Eres un CENSURADO y un CENSURADO
1747671929.4706252,Qué CENSURADO eres
1747671929.4713047,Los CENSURADOs no saben programar
1747671929.4727893,Qué CENSURADO eres
1747671929.4738379,Eres un CENSURADO y un CENSURADO

1747671929.4738379,Deja de ser tan CENSURADO
1747671929.474837,Deja de ser tan CENSURADO
1747671929.4758365,Los CENSURADOs no saben programar
1747671929.4778364,Deja de ser tan CENSURADO
1747671929.4778364,Qué CENSURADO eres
1747671929.4778364,Los CENSURADOs no saben programar
1747671929.4778364,Qué CENSURADO eres
1747671929.4778364,Eres un CENSURADO y un CENSURADO
1747671929.4793413,Deja de ser tan CENSURADO
1747671929.4793413,Los CENSURADOs no saben programar
1747671929.4793413,Eres un CENSURADO y un CENSURADO
1747671929.4803505,Eres un CENSURADO y un CENSURADO
1747671929.4803505,Vaya comportamiento más CENSURADO
1747671947.7835634,Los CENSURADOs no saben programar
1747671947.7835634,Qué CENSURADO eres
1747671947.7854323,Deja de ser tan INSULTO_3
1747671947.7854323,Deja de ser tan CENSURADO
1747671947.7854323,Vaya comportamiento más CENSURADO
1747671947.7854323,Qué CENSURADO eres
1747671947.7854323,Qué CENSURADO eres
1747671947.7854323,Vaya comportamiento más CENSURADO
1747671947.7854323,Vaya comportamiento más CENSURADO
1747671947.7854323,Vaya comportamiento más INSULTO_2
1747671947.7854323,Qué CENSURADO eres
1747671947.7900798,Deja de ser tan INSULTO_3
1747671947.7900798,Deja de ser tan CENSURADO
1747671947.7900798,Eres un CENSURADO y un CENSURADO
1747671947.7900798,Eres un CENSURADO y un CENSURADO
1747671947.7900798,Qué CENSURADO eres
1747671947.7900798,Los CENSURADOs no saben programar
1747671947.7900798,Qué CENSURADO eres
1747671947.7900798,Eres un CENSURADO y un CENSURADO
1747671947.7900798,Eres un CENSURADO y un CENSURADO
1747671947.7900798,Los CENSURADOs no saben programar
1747671947.7900798,Los CENSURADOs no saben programar
1747671947.7900798,Los CENSURADOs no saben programar
1747671947.7900798,Qué CENSURADO eres
1747671947.7900798,Eres un CENSURADO y un CENSURADO
1747671947.7900798,Qué CENSURADO eres
1747671947.7900798,Los CENSURADOs no saben programar
1747671947.7900798,Deja de ser tan CENSURADO
1747671947.7900798,Los CENSURADOs no saben programar
1747671947.7900798,Qué CENSURADO eres
1747671947.7900798,Deja de ser tan CENSURADO
1747671947.7900798,Eres un CENSURADO y un CENSURADO
1747671947.7900798,Deja de ser tan INSULTO_3
1747671947.7900798,Qué CENSURADO eres
1747671947.7900798,Vaya comportamiento más CENSURADO
1747671947.7900798,Qué CENSURADO eres
1747671947.7900798,Eres un CENSURADO y un CENSURADO
1747671947.7900798,Eres un CENSURADO y un CENSURADO
1747671947.7900798,Qué CENSURADO eres
1747671947.7900798,Deja de ser tan CENSURADO
1747671947.7900798,Vaya comportamiento más CENSURADO
1747671947.7900798,Vaya comportamiento más CENSURADO
1747671947.7900798,Deja de ser tan CENSURADO
1747671947.7900798,Eres un CENSURADO y un CENSURADO
1747671947.7900798,Vaya comportamiento más INSULTO_2
1747671947.7900798,Vaya comportamiento más CENSURADO
1747671947.7900798,Deja de ser tan CENSURADO
1747671947.806139,Eres un CENSURADO y un CENSURADO
1747671947.806139,Vaya comportamiento más CENSURADO
1747671947.806139,Los CENSURADOs no saben programar
1747671947.806139,Qué CENSURADO eres
1747671947.806139,Vaya comportamiento más INSULTO_2
1747671947.806139,Vaya comportamiento más CENSURADO
1747671947.806139,Deja de ser tan CENSURADO
1747671947.806139,Deja de ser tan CENSURADO
1747671947.806139,Deja de ser tan INSULTO_3
1747671947.806139,Eres un CENSURADO y un CENSURADO
1747671947.806139,Eres un CENSURADO y un CENSURADO
1747671947.806139,Qué CENSURADO eres
1747671947.806139,Los CENSURADOs no saben programar
1747671947.806139,Vaya comportamiento más CENSURADO
1747671947.806139,Los CENSURADOs no saben programar
1747671947.806139,Eres un CENSURADO y un CENSURADO
1747671947.806139,Eres un CENSURADO y un CENSURADO
1747671947.806139,Eres un CENSURADO y un CENSURADO
1747671947.806139,Deja de ser tan CENSURADO
1747671947.806139,Los CENSURADOs no saben programar
1747671947.806139,Vaya comportamiento más CENSURADO
1747671947.806139,Eres un CENSURADO y un CENSURADO
1747671947.806139,Deja de ser tan INSULTO_3
1747671947.806139,Los CENSURADOs no saben programar
1747671947.806139,Eres un CENSURADO y un CENSURADO
1747671947.806139,Vaya comportamiento más CENSURADO
