
InsultClient,25,1,101.7885
FilterClient,25,1,52.9651

InsultClient,25,2,50.9194
FilterClient,25,2,26.5823

InsultClient,25,3,34.6876
FilterClient,25,3,18.2929

InsultClient,25,4,26.5518
FilterClient,25,4,14.3159

InsultClient,25,5,22.4549
FilterClient,25,5,12.2693

InsultClient,100,1,340.8551
FilterClient,100,1,206.0237

InsultClient,100,2,183.4684
FilterClient,100,2,103.9943

InsultClient,100,3,127.8631
FilterClient,100,3,69.1765

InsultClient,100,4,99.5259
FilterClient,100,4,52.9631

InsultClient,100,5,81.5146
FilterClient,100,5,42.9371

InsultClient,200,1,673.3354
FilterClient,200,1,409.6169

