InsultClient,1,25,0.0738
FilterClient,1,25,0.0503
InsultClient,2,25,0.0650
FilterClient,2,25,0.0577
InsultClient,3,25,0.0706
FilterClient,3,25,0.0678
InsultClient,4,25,0.0526
FilterClient,4,25,0.0535
InsultClient,5,25,0.0564
FilterClient,5,25,0.0458
InsultClient,6,25,0.0657
FilterClient,6,25,0.1085
InsultClient,7,25,0.0649
FilterClient,7,25,0.0546
InsultClient,1,100,0.1260
FilterClient,1,100,0.1153
InsultClient,2,100,0.1172
FilterClient,2,100,0.1168
InsultClient,3,100,0.1421
FilterClient,3,100,0.1138
InsultClient,4,100,0.1186
FilterClient,4,100,0.1141
InsultClient,5,100,0.1212
FilterClient,5,100,0.1147
InsultClient,6,100,0.1099
FilterClient,6,100,0.1160
InsultClient,7,100,0.1171
FilterClient,7,100,0.1220
InsultClient,1,200,0.2018
FilterClient,1,200,0.2106
InsultClient,2,200,0.1995
FilterClient,2,200,0.1946
InsultClient,3,200,0.2069
FilterClient,3,200,0.2112
InsultClient,4,200,0.2030
FilterClient,4,200,0.2117
InsultClient,5,200,0.2034
FilterClient,5,200,0.2118
InsultClient,6,200,0.2073
FilterClient,6,200,0.2764
InsultClient,7,200,0.1960
FilterClient,7,200,0.2071
InsultClient,1,700,0.5955
FilterClient,1,700,0.6091
InsultClient,2,700,0.6037
FilterClient,2,700,0.6286
InsultClient,3,700,0.5888
FilterClient,3,700,0.6231
InsultClient,4,700,0.5973
FilterClient,4,700,0.6224
InsultClient,5,700,0.5857
FilterClient,5,700,0.6392
InsultClient,6,700,0.6065
FilterClient,6,700,0.6278
InsultClient,7,700,0.5919
FilterClient,7,700,0.6156
InsultClient,1,1500,1.2224
FilterClient,1,1500,1.2547
InsultClient,2,1500,1.2569
FilterClient,2,1500,1.2755
InsultClient,3,1500,1.2224
FilterClient,3,1500,1.3158
InsultClient,4,1500,1.2769
FilterClient,4,1500,1.2987
InsultClient,5,1500,1.2684
FilterClient,5,1500,1.3237
InsultClient,6,1500,1.2202
FilterClient,6,1500,1.2678
InsultClient,7,1500,1.2401
FilterClient,7,1500,1.2787
InsultClient,1,3000,2.5087
FilterClient,1,3000,2.4743
InsultClient,2,3000,2.4486
FilterClient,2,3000,2.4699
InsultClient,3,3000,2.3997
FilterClient,3,3000,2.3030
InsultClient,4,3000,2.1166
FilterClient,4,3000,2.2213
InsultClient,5,3000,2.1861
FilterClient,5,3000,2.3711
InsultClient,6,3000,2.3099
FilterClient,6,3000,2.2932
InsultClient,7,3000,2.5238
FilterClient,7,3000,2.2647
